<?xml version="1.0" encoding="UTF-8"?>
<!-- Generated by org.testng.reporters.JUnitReportReporter -->
<testsuite hostname="ip-172-31-29-237" failures="0" tests="1" name="testPage.TestLoginPage" time="0.477" errors="0" timestamp="2023-07-13T10:23:42 UTC" skipped="0">
  <testcase classname="testPage.TestLoginPage" name="testRegistrationPage" time="0.477"/>
  <system-out/>
</testsuite> <!-- testPage.TestLoginPage -->
