<?xml version="1.0" encoding="UTF-8"?>
<!-- Generated by org.testng.reporters.JUnitReportReporter -->
<testsuite hostname="ip-172-31-29-237" failures="0" tests="2" name="testPage.testflightbooking" time="0.972" errors="0" timestamp="2023-07-13T11:22:19 UTC" skipped="0">
  <testcase classname="testPage.testflightbooking" name="flightbooking" time="0.830"/>
  <system-out/>
  <testcase classname="testPage.testflightbooking" name="viewBooking" time="0.142"/>
  <system-out/>
</testsuite> <!-- testPage.testflightbooking -->
