<?xml version="1.0" encoding="UTF-8"?>
<!-- Generated by org.testng.reporters.JUnitReportReporter -->
<testsuite hostname="ip-172-31-29-237" failures="0" tests="1" name="testPage.editProfile" time="0.384" errors="0" timestamp="2023-07-13T11:47:28 UTC" skipped="0">
  <testcase classname="testPage.editProfile" name="editprofilePage" time="0.384"/>
  <system-out/>
</testsuite> <!-- testPage.editProfile -->
